c:\users\user\desktop\wlwengine\wlwengine\wlwengine\x64\debug\vc145.pdb
c:\users\user\desktop\wlwengine\wlwengine\wlwengine\x64\debug\vc145.idb
c:\users\user\desktop\wlwengine\wlwengine\wlwengine\x64\debug\glad.obj
c:\users\user\desktop\wlwengine\wlwengine\wlwengine\x64\debug\window.obj
c:\users\user\desktop\wlwengine\wlwengine\wlwengine\x64\debug\wlw_gl.obj
c:\users\user\desktop\wlwengine\wlwengine\wlwengine\x64\debug\main.obj
c:\users\user\desktop\wlwengine\wlwengine\wlwengine\x64\debug\triangle_2d.obj
c:\users\user\desktop\wlwengine\wlwengine\wlwengine\x64\debug\node_2d.obj
c:\users\user\desktop\wlwengine\wlwengine\wlwengine\x64\debug\gl_vertex_buffer.h.ifc
c:\users\user\desktop\wlwengine\wlwengine\wlwengine\x64\debug\gl_vertex_buffer.h.ifc.d.json
c:\users\user\desktop\wlwengine\wlwengine\wlwengine\x64\debug\gl_vertex_buffer.h.obj
c:\users\user\desktop\wlwengine\wlwengine\wlwengine\x64\debug\gl_index_buffer.h.ifc
c:\users\user\desktop\wlwengine\wlwengine\wlwengine\x64\debug\gl_index_buffer.h.ifc.d.json
c:\users\user\desktop\wlwengine\wlwengine\wlwengine\x64\debug\gl_index_buffer.h.obj
c:\users\user\desktop\wlwengine\wlwengine\wlwengine\x64\debug\rendering_driver_gl.obj
c:\users\user\desktop\wlwengine\wlwengine\wlwengine\x64\debug\gl_vertex_buffer.obj
c:\users\user\desktop\wlwengine\wlwengine\x64\debug\wlwengine.exe
c:\users\user\desktop\wlwengine\wlwengine\x64\debug\wlwengine.pdb
c:\users\user\desktop\wlwengine\wlwengine\wlwengine\x64\debug\gl_vertex_buffer.h.module.json
c:\users\user\desktop\wlwengine\wlwengine\wlwengine\x64\debug\gl_index_buffer.h.module.json
c:\users\user\desktop\wlwengine\wlwengine\wlwengine\x64\debug\wlwengine.ilk
c:\users\user\desktop\wlwengine\wlwengine\wlwengine\x64\debug\gl_index_buffer.obj
c:\users\user\desktop\wlwengine\wlwengine\wlwengine\x64\debug\rendering_driver.obj
c:\users\user\desktop\wlwengine\wlwengine\wlwengine\x64\debug\wlw.obj
c:\users\user\desktop\wlwengine\wlwengine\wlwengine\x64\debug\wlwengine.tlog\cl.command.1.tlog
c:\users\user\desktop\wlwengine\wlwengine\wlwengine\x64\debug\wlwengine.tlog\cl.items.tlog
c:\users\user\desktop\wlwengine\wlwengine\wlwengine\x64\debug\wlwengine.tlog\cl.read.1.tlog
c:\users\user\desktop\wlwengine\wlwengine\wlwengine\x64\debug\wlwengine.tlog\cl.write.1.tlog
c:\users\user\desktop\wlwengine\wlwengine\wlwengine\x64\debug\wlwengine.tlog\link.command.1.tlog
c:\users\user\desktop\wlwengine\wlwengine\wlwengine\x64\debug\wlwengine.tlog\link.read.1.tlog
c:\users\user\desktop\wlwengine\wlwengine\wlwengine\x64\debug\wlwengine.tlog\link.secondary.1.tlog
c:\users\user\desktop\wlwengine\wlwengine\wlwengine\x64\debug\wlwengine.tlog\link.write.1.tlog
c:\users\user\desktop\wlwengine\wlwengine\wlwengine\x64\debug\wlwengine_md.tlog\cl.command.1.tlog
c:\users\user\desktop\wlwengine\wlwengine\wlwengine\x64\debug\wlwengine_md.tlog\microsoft.build.cpptasks.cl.read.1.tlog
c:\users\user\desktop\wlwengine\wlwengine\wlwengine\x64\debug\wlwengine_md.tlog\microsoft.build.cpptasks.cl.write.1.tlog
